d:\pulpit\4 sem\programming in graphical enviromnetal\pwsg_25l_01193080_winapi-lab2\lab3\lab3\x64\debug\vc143.pdb
d:\pulpit\4 sem\programming in graphical enviromnetal\pwsg_25l_01193080_winapi-lab2\lab3\lab3\x64\debug\vc143.idb
d:\pulpit\4 sem\programming in graphical enviromnetal\pwsg_25l_01193080_winapi-lab2\lab3\lab3\x64\debug\main.obj
d:\pulpit\4 sem\programming in graphical enviromnetal\pwsg_25l_01193080_winapi-lab2\lab3\lab3\x64\debug\app.obj
d:\pulpit\4 sem\programming in graphical enviromnetal\pwsg_25l_01193080_winapi-lab2\lab3\lab3\x64\debug\app_s.h.ifc
d:\pulpit\4 sem\programming in graphical enviromnetal\pwsg_25l_01193080_winapi-lab2\lab3\lab3\x64\debug\app_s.h.ifc.d.json
d:\pulpit\4 sem\programming in graphical enviromnetal\pwsg_25l_01193080_winapi-lab2\lab3\lab3\x64\debug\app_s.h.obj
d:\pulpit\4 sem\programming in graphical enviromnetal\pwsg_25l_01193080_winapi-lab2\lab3\lab3\x64\debug\lab3.res
d:\pulpit\4 sem\programming in graphical enviromnetal\pwsg_25l_01193080_winapi-lab2\lab3\lab3\x64\debug\app_s.h.module.json
d:\pulpit\4 sem\programming in graphical enviromnetal\pwsg_25l_01193080_winapi-lab2\lab3\lab3\x64\debug\lab3.ilk
d:\pulpit\4 sem\programming in graphical enviromnetal\pwsg_25l_01193080_winapi-lab2\lab3\x64\debug\lab3.pdb
d:\pulpit\4 sem\programming in graphical enviromnetal\pwsg_25l_01193080_winapi-lab2\lab3\lab3\x64\debug\lab3.tlog\cl.command.1.tlog
d:\pulpit\4 sem\programming in graphical enviromnetal\pwsg_25l_01193080_winapi-lab2\lab3\lab3\x64\debug\lab3.tlog\cl.items.tlog
d:\pulpit\4 sem\programming in graphical enviromnetal\pwsg_25l_01193080_winapi-lab2\lab3\lab3\x64\debug\lab3.tlog\cl.read.1.tlog
d:\pulpit\4 sem\programming in graphical enviromnetal\pwsg_25l_01193080_winapi-lab2\lab3\lab3\x64\debug\lab3.tlog\cl.write.1.tlog
d:\pulpit\4 sem\programming in graphical enviromnetal\pwsg_25l_01193080_winapi-lab2\lab3\lab3\x64\debug\lab3.tlog\link-cvtres.read.1.tlog
d:\pulpit\4 sem\programming in graphical enviromnetal\pwsg_25l_01193080_winapi-lab2\lab3\lab3\x64\debug\lab3.tlog\link-cvtres.write.1.tlog
d:\pulpit\4 sem\programming in graphical enviromnetal\pwsg_25l_01193080_winapi-lab2\lab3\lab3\x64\debug\lab3.tlog\link-rc.read.1.tlog
d:\pulpit\4 sem\programming in graphical enviromnetal\pwsg_25l_01193080_winapi-lab2\lab3\lab3\x64\debug\lab3.tlog\link-rc.write.1.tlog
d:\pulpit\4 sem\programming in graphical enviromnetal\pwsg_25l_01193080_winapi-lab2\lab3\lab3\x64\debug\lab3.tlog\link.37508-cvtres.read.1.tlog
d:\pulpit\4 sem\programming in graphical enviromnetal\pwsg_25l_01193080_winapi-lab2\lab3\lab3\x64\debug\lab3.tlog\link.37508-cvtres.write.1.tlog
d:\pulpit\4 sem\programming in graphical enviromnetal\pwsg_25l_01193080_winapi-lab2\lab3\lab3\x64\debug\lab3.tlog\link.37508-rc.read.1.tlog
d:\pulpit\4 sem\programming in graphical enviromnetal\pwsg_25l_01193080_winapi-lab2\lab3\lab3\x64\debug\lab3.tlog\link.37508-rc.write.1.tlog
d:\pulpit\4 sem\programming in graphical enviromnetal\pwsg_25l_01193080_winapi-lab2\lab3\lab3\x64\debug\lab3.tlog\link.37508.read.1.tlog
d:\pulpit\4 sem\programming in graphical enviromnetal\pwsg_25l_01193080_winapi-lab2\lab3\lab3\x64\debug\lab3.tlog\link.37508.read.2.tlog
d:\pulpit\4 sem\programming in graphical enviromnetal\pwsg_25l_01193080_winapi-lab2\lab3\lab3\x64\debug\lab3.tlog\link.37508.write.1.tlog
d:\pulpit\4 sem\programming in graphical enviromnetal\pwsg_25l_01193080_winapi-lab2\lab3\lab3\x64\debug\lab3.tlog\link.command.1.tlog
d:\pulpit\4 sem\programming in graphical enviromnetal\pwsg_25l_01193080_winapi-lab2\lab3\lab3\x64\debug\lab3.tlog\link.read.1.tlog
d:\pulpit\4 sem\programming in graphical enviromnetal\pwsg_25l_01193080_winapi-lab2\lab3\lab3\x64\debug\lab3.tlog\link.read.2.tlog
d:\pulpit\4 sem\programming in graphical enviromnetal\pwsg_25l_01193080_winapi-lab2\lab3\lab3\x64\debug\lab3.tlog\link.read.3.tlog
d:\pulpit\4 sem\programming in graphical enviromnetal\pwsg_25l_01193080_winapi-lab2\lab3\lab3\x64\debug\lab3.tlog\link.secondary.1.tlog
d:\pulpit\4 sem\programming in graphical enviromnetal\pwsg_25l_01193080_winapi-lab2\lab3\lab3\x64\debug\lab3.tlog\link.write.1.tlog
d:\pulpit\4 sem\programming in graphical enviromnetal\pwsg_25l_01193080_winapi-lab2\lab3\lab3\x64\debug\lab3.tlog\rc.command.1.tlog
d:\pulpit\4 sem\programming in graphical enviromnetal\pwsg_25l_01193080_winapi-lab2\lab3\lab3\x64\debug\lab3.tlog\rc.read.1.tlog
d:\pulpit\4 sem\programming in graphical enviromnetal\pwsg_25l_01193080_winapi-lab2\lab3\lab3\x64\debug\lab3.tlog\rc.write.1.tlog
d:\pulpit\4 sem\programming in graphical enviromnetal\pwsg_25l_01193080_winapi-lab2\lab3\lab3\x64\debug\lab3_md.tlog\cl.command.1.tlog
d:\pulpit\4 sem\programming in graphical enviromnetal\pwsg_25l_01193080_winapi-lab2\lab3\lab3\x64\debug\lab3_md.tlog\microsoft.build.cpptasks.cl.read.1.tlog
d:\pulpit\4 sem\programming in graphical enviromnetal\pwsg_25l_01193080_winapi-lab2\lab3\lab3\x64\debug\lab3_md.tlog\microsoft.build.cpptasks.cl.write.1.tlog
